<?xml version="1.0" encoding="UTF-8"?>
<testng-results skipped="0" failed="0" total="1" passed="1">
  <reporter-output>
  </reporter-output>
  <suite name="Suite" duration-ms="71577" started-at="2015-02-14T09:35:02Z" finished-at="2015-02-14T09:36:13Z">
    <groups>
    </groups>
    <test name="Test" duration-ms="71577" started-at="2015-02-14T09:35:02Z" finished-at="2015-02-14T09:36:13Z">
      <class name="com.autotesting.framework.suits.MailLoginPageTest">
        <test-method status="PASS" signature="checkLoginPageTest()[pri:0, instance:com.autotesting.framework.suits.MailLoginPageTest@2fbdd2]" name="checkLoginPageTest" duration-ms="70579" started-at="2015-02-14T12:35:02Z" description="Проверяем авторизацию пользователя на mail.ru" finished-at="2015-02-14T12:36:12Z">
          <reporter-output>
          </reporter-output>
        </test-method> <!-- checkLoginPageTest -->
        <test-method status="PASS" signature="closeBrowser()[pri:0, instance:com.autotesting.framework.suits.MailLoginPageTest@2fbdd2]" name="closeBrowser" is-config="true" duration-ms="928" started-at="2015-02-14T12:36:12Z" description="Закрываем браузер" finished-at="2015-02-14T12:36:13Z">
          <reporter-output>
          </reporter-output>
        </test-method> <!-- closeBrowser -->
      </class> <!-- com.autotesting.framework.suits.MailLoginPageTest -->
    </test> <!-- Test -->
  </suite> <!-- Suite -->
</testng-results>
